#! /usr/bin/vvp
:ivl_version "10.1 (stable)";
:ivl_delay_selection "TYPICAL";
:vpi_time_precision - 12;
:vpi_module "system";
:vpi_module "vhdl_sys";
:vpi_module "v2005_math";
:vpi_module "va_math";
S_0x558a99e4c100 .scope module, "tb_mux" "tb_mux" 2 3;
 .timescale -9 -12;
v0x558a99e6c860_0 .var "data0", 0 0;
v0x558a99e6c920_0 .var "data1", 0 0;
v0x558a99e6c9f0_0 .net "out", 0 0, v0x558a99e6c620_0;  1 drivers
v0x558a99e6caf0_0 .var "sel", 0 0;
S_0x558a99e4c280 .scope module, "uut" "mux2to1" 2 9, 3 3 0, S_0x558a99e4c100;
 .timescale -9 -12;
    .port_info 0 /INPUT 1 "data1"
    .port_info 1 /INPUT 1 "data0"
    .port_info 2 /INPUT 1 "sel"
    .port_info 3 /OUTPUT 1 "out"
v0x558a99e4c4c0_0 .net "data0", 0 0, v0x558a99e6c860_0;  1 drivers
v0x558a99e6c560_0 .net "data1", 0 0, v0x558a99e6c920_0;  1 drivers
v0x558a99e6c620_0 .var "out", 0 0;
v0x558a99e6c6f0_0 .net "sel", 0 0, v0x558a99e6caf0_0;  1 drivers
E_0x558a99e0eb50 .event edge, v0x558a99e6c6f0_0, v0x558a99e6c560_0, v0x558a99e4c4c0_0;
    .scope S_0x558a99e4c280;
T_0 ;
    %wait E_0x558a99e0eb50;
    %load/vec4 v0x558a99e6c6f0_0;
    %nor/r;
    %flag_set/vec4 8;
    %jmp/0xz  T_0.0, 8;
    %load/vec4 v0x558a99e4c4c0_0;
    %store/vec4 v0x558a99e6c620_0, 0, 1;
    %jmp T_0.1;
T_0.0 ;
    %load/vec4 v0x558a99e6c560_0;
    %store/vec4 v0x558a99e6c620_0, 0, 1;
T_0.1 ;
    %jmp T_0;
    .thread T_0, $push;
    .scope S_0x558a99e4c100;
T_1 ;
    %vpi_call 2 19 "$dumpfile", "mux_out.vcd" {0 0 0};
    %vpi_call 2 20 "$dumpvars", 32'sb00000000000000000000000000000000, S_0x558a99e4c100 {0 0 0};
    %pushi/vec4 0, 0, 1;
    %store/vec4 v0x558a99e6c860_0, 0, 1;
    %pushi/vec4 1, 0, 1;
    %store/vec4 v0x558a99e6c920_0, 0, 1;
    %pushi/vec4 1, 0, 1;
    %store/vec4 v0x558a99e6caf0_0, 0, 1;
    %delay 100000, 0;
    %pushi/vec4 0, 0, 1;
    %store/vec4 v0x558a99e6c860_0, 0, 1;
    %pushi/vec4 0, 0, 1;
    %store/vec4 v0x558a99e6c920_0, 0, 1;
    %pushi/vec4 1, 0, 1;
    %store/vec4 v0x558a99e6caf0_0, 0, 1;
    %delay 10000, 0;
    %pushi/vec4 0, 0, 1;
    %store/vec4 v0x558a99e6c860_0, 0, 1;
    %pushi/vec4 1, 0, 1;
    %store/vec4 v0x558a99e6c920_0, 0, 1;
    %pushi/vec4 0, 0, 1;
    %store/vec4 v0x558a99e6caf0_0, 0, 1;
    %delay 10000, 0;
    %pushi/vec4 0, 0, 1;
    %store/vec4 v0x558a99e6c860_0, 0, 1;
    %pushi/vec4 1, 0, 1;
    %store/vec4 v0x558a99e6c920_0, 0, 1;
    %pushi/vec4 1, 0, 1;
    %store/vec4 v0x558a99e6caf0_0, 0, 1;
    %delay 10000, 0;
    %pushi/vec4 1, 0, 1;
    %store/vec4 v0x558a99e6c860_0, 0, 1;
    %pushi/vec4 0, 0, 1;
    %store/vec4 v0x558a99e6c920_0, 0, 1;
    %pushi/vec4 0, 0, 1;
    %store/vec4 v0x558a99e6caf0_0, 0, 1;
    %delay 10000, 0;
    %pushi/vec4 1, 0, 1;
    %store/vec4 v0x558a99e6c860_0, 0, 1;
    %pushi/vec4 0, 0, 1;
    %store/vec4 v0x558a99e6c920_0, 0, 1;
    %pushi/vec4 1, 0, 1;
    %store/vec4 v0x558a99e6caf0_0, 0, 1;
    %delay 10000, 0;
    %pushi/vec4 1, 0, 1;
    %store/vec4 v0x558a99e6c860_0, 0, 1;
    %pushi/vec4 1, 0, 1;
    %store/vec4 v0x558a99e6c920_0, 0, 1;
    %pushi/vec4 0, 0, 1;
    %store/vec4 v0x558a99e6caf0_0, 0, 1;
    %delay 10000, 0;
    %pushi/vec4 1, 0, 1;
    %store/vec4 v0x558a99e6c860_0, 0, 1;
    %pushi/vec4 1, 0, 1;
    %store/vec4 v0x558a99e6c920_0, 0, 1;
    %pushi/vec4 1, 0, 1;
    %store/vec4 v0x558a99e6caf0_0, 0, 1;
    %delay 10000, 0;
    %end;
    .thread T_1;
# The file index is used to find the file name in the following table.
:file_names 4;
    "N/A";
    "<interactive>";
    "mux_tb.v";
    "2:1mux.v";
