#! /usr/bin/vvp
:ivl_version "10.1 (stable)";
:ivl_delay_selection "TYPICAL";
:vpi_time_precision - 12;
:vpi_module "system";
:vpi_module "vhdl_sys";
:vpi_module "v2005_math";
:vpi_module "va_math";
S_0x55cafd5bdc30 .scope module, "dfftb" "dfftb" 2 3;
 .timescale -9 -12;
v0x55cafd5de250_0 .var "clk", 0 0;
v0x55cafd5de320_0 .var "d", 0 0;
v0x55cafd5de3f0_0 .net "out", 0 0, v0x55cafd5de130_0;  1 drivers
S_0x55cafd5bddb0 .scope module, "uut" "d_flip_flop" 2 8, 3 1 0, S_0x55cafd5bdc30;
 .timescale -9 -12;
    .port_info 0 /INPUT 1 "d"
    .port_info 1 /INPUT 1 "clk"
    .port_info 2 /OUTPUT 1 "out"
v0x55cafd5bdff0_0 .net "clk", 0 0, v0x55cafd5de250_0;  1 drivers
v0x55cafd5de070_0 .net "d", 0 0, v0x55cafd5de320_0;  1 drivers
v0x55cafd5de130_0 .var "out", 0 0;
E_0x55cafd584af0 .event posedge, v0x55cafd5bdff0_0;
    .scope S_0x55cafd5bddb0;
T_0 ;
    %wait E_0x55cafd584af0;
    %load/vec4 v0x55cafd5de070_0;
    %assign/vec4 v0x55cafd5de130_0, 0;
    %jmp T_0;
    .thread T_0;
    .scope S_0x55cafd5bdc30;
T_1 ;
    %vpi_call 2 17 "$dumpfile", "mux_out.vcd" {0 0 0};
    %vpi_call 2 18 "$dumpvars", 32'sb00000000000000000000000000000000, S_0x55cafd5bdc30 {0 0 0};
    %pushi/vec4 0, 0, 1;
    %store/vec4 v0x55cafd5de320_0, 0, 1;
    %pushi/vec4 0, 0, 1;
    %store/vec4 v0x55cafd5de250_0, 0, 1;
    %end;
    .thread T_1;
    .scope S_0x55cafd5bdc30;
T_2 ;
    %delay 3000, 0;
    %load/vec4 v0x55cafd5de250_0;
    %inv;
    %store/vec4 v0x55cafd5de250_0, 0, 1;
    %jmp T_2;
    .thread T_2;
    .scope S_0x55cafd5bdc30;
T_3 ;
    %delay 5000, 0;
    %load/vec4 v0x55cafd5de320_0;
    %inv;
    %store/vec4 v0x55cafd5de320_0, 0, 1;
    %jmp T_3;
    .thread T_3;
# The file index is used to find the file name in the following table.
:file_names 4;
    "N/A";
    "<interactive>";
    "dfftb.v";
    "dflipflop.v";
