#! /usr/bin/vvp
:ivl_version "10.1 (stable)";
:ivl_delay_selection "TYPICAL";
:vpi_time_precision - 12;
:vpi_module "system";
:vpi_module "vhdl_sys";
:vpi_module "v2005_math";
:vpi_module "va_math";
S_0x561f98c03d00 .scope module, "tb_fsm" "tb_fsm" 2 90;
 .timescale -9 -12;
v0x561f98c244c0_0 .var "clk", 0 0;
v0x561f98c24580_0 .var "inp", 0 0;
v0x561f98c24650_0 .net "out", 0 0, v0x561f98c24180_0;  1 drivers
v0x561f98c24750_0 .var "reset", 0 0;
S_0x561f98c03e80 .scope module, "uut" "fsm" 2 96, 2 3 0, S_0x561f98c03d00;
 .timescale 0 0;
    .port_info 0 /INPUT 1 "reset"
    .port_info 1 /INPUT 1 "clk"
    .port_info 2 /INPUT 1 "inp"
    .port_info 3 /OUTPUT 1 "out"
v0x561f98c040c0_0 .net "clk", 0 0, v0x561f98c244c0_0;  1 drivers
v0x561f98c240c0_0 .net "inp", 0 0, v0x561f98c24580_0;  1 drivers
v0x561f98c24180_0 .var "out", 0 0;
v0x561f98c24250_0 .net "reset", 0 0, v0x561f98c24750_0;  1 drivers
v0x561f98c24310_0 .var "sin", 1 0;
E_0x561f98bf4830/0 .event edge, v0x561f98c24250_0;
E_0x561f98bf4830/1 .event posedge, v0x561f98c040c0_0;
E_0x561f98bf4830 .event/or E_0x561f98bf4830/0, E_0x561f98bf4830/1;
    .scope S_0x561f98c03e80;
T_0 ;
    %wait E_0x561f98bf4830;
    %load/vec4 v0x561f98c24250_0;
    %flag_set/vec4 8;
    %jmp/0xz  T_0.0, 8;
    %pushi/vec4 0, 0, 2;
    %store/vec4 v0x561f98c24310_0, 0, 2;
    %jmp T_0.1;
T_0.0 ;
    %load/vec4 v0x561f98c24310_0;
    %parti/s 1, 0, 2;
    %pad/u 32;
    %pushi/vec4 0, 0, 32;
    %cmp/e;
    %flag_get/vec4 4;
    %load/vec4 v0x561f98c24310_0;
    %parti/s 1, 1, 2;
    %pad/u 32;
    %pushi/vec4 0, 0, 32;
    %cmp/e;
    %flag_get/vec4 4;
    %and;
    %flag_set/vec4 8;
    %jmp/0xz  T_0.2, 8;
    %load/vec4 v0x561f98c240c0_0;
    %pad/u 32;
    %cmpi/e 0, 0, 32;
    %jmp/0xz  T_0.4, 4;
    %pushi/vec4 1, 0, 1;
    %ix/load 4, 0, 0;
    %flag_set/imm 4, 0;
    %store/vec4 v0x561f98c24310_0, 4, 1;
    %pushi/vec4 0, 0, 1;
    %ix/load 4, 1, 0;
    %flag_set/imm 4, 0;
    %store/vec4 v0x561f98c24310_0, 4, 1;
    %pushi/vec4 0, 0, 1;
    %store/vec4 v0x561f98c24180_0, 0, 1;
    %jmp T_0.5;
T_0.4 ;
    %pushi/vec4 0, 0, 1;
    %ix/load 4, 0, 0;
    %flag_set/imm 4, 0;
    %store/vec4 v0x561f98c24310_0, 4, 1;
    %pushi/vec4 1, 0, 1;
    %ix/load 4, 1, 0;
    %flag_set/imm 4, 0;
    %store/vec4 v0x561f98c24310_0, 4, 1;
    %pushi/vec4 0, 0, 1;
    %store/vec4 v0x561f98c24180_0, 0, 1;
T_0.5 ;
    %jmp T_0.3;
T_0.2 ;
    %load/vec4 v0x561f98c24310_0;
    %parti/s 1, 0, 2;
    %pad/u 32;
    %pushi/vec4 1, 0, 32;
    %cmp/e;
    %flag_get/vec4 4;
    %load/vec4 v0x561f98c24310_0;
    %parti/s 1, 1, 2;
    %pad/u 32;
    %pushi/vec4 0, 0, 32;
    %cmp/e;
    %flag_get/vec4 4;
    %and;
    %flag_set/vec4 8;
    %jmp/0xz  T_0.6, 8;
    %load/vec4 v0x561f98c240c0_0;
    %pad/u 32;
    %cmpi/e 0, 0, 32;
    %jmp/0xz  T_0.8, 4;
    %pushi/vec4 0, 0, 1;
    %store/vec4 v0x561f98c24180_0, 0, 1;
    %jmp T_0.9;
T_0.8 ;
    %pushi/vec4 0, 0, 1;
    %ix/load 4, 0, 0;
    %flag_set/imm 4, 0;
    %store/vec4 v0x561f98c24310_0, 4, 1;
    %pushi/vec4 1, 0, 1;
    %ix/load 4, 1, 0;
    %flag_set/imm 4, 0;
    %store/vec4 v0x561f98c24310_0, 4, 1;
    %pushi/vec4 1, 0, 1;
    %store/vec4 v0x561f98c24180_0, 0, 1;
T_0.9 ;
    %jmp T_0.7;
T_0.6 ;
    %load/vec4 v0x561f98c24310_0;
    %parti/s 1, 0, 2;
    %pad/u 32;
    %pushi/vec4 0, 0, 32;
    %cmp/e;
    %flag_get/vec4 4;
    %load/vec4 v0x561f98c24310_0;
    %parti/s 1, 1, 2;
    %pad/u 32;
    %pushi/vec4 1, 0, 32;
    %cmp/e;
    %flag_get/vec4 4;
    %and;
    %flag_set/vec4 8;
    %jmp/0xz  T_0.10, 8;
    %load/vec4 v0x561f98c240c0_0;
    %pad/u 32;
    %cmpi/e 1, 0, 32;
    %jmp/0xz  T_0.12, 4;
    %pushi/vec4 0, 0, 1;
    %store/vec4 v0x561f98c24180_0, 0, 1;
    %jmp T_0.13;
T_0.12 ;
    %pushi/vec4 1, 0, 1;
    %ix/load 4, 0, 0;
    %flag_set/imm 4, 0;
    %store/vec4 v0x561f98c24310_0, 4, 1;
    %pushi/vec4 0, 0, 1;
    %ix/load 4, 1, 0;
    %flag_set/imm 4, 0;
    %store/vec4 v0x561f98c24310_0, 4, 1;
    %pushi/vec4 0, 0, 1;
    %store/vec4 v0x561f98c24180_0, 0, 1;
T_0.13 ;
T_0.10 ;
T_0.7 ;
T_0.3 ;
T_0.1 ;
    %jmp T_0;
    .thread T_0;
    .scope S_0x561f98c03d00;
T_1 ;
    %vpi_call 2 106 "$dumpfile", "fsm_out.vcd" {0 0 0};
    %vpi_call 2 107 "$dumpvars", 32'sb00000000000000000000000000000000, S_0x561f98c03d00 {0 0 0};
    %pushi/vec4 0, 0, 1;
    %store/vec4 v0x561f98c244c0_0, 0, 1;
    %pushi/vec4 1, 0, 1;
    %store/vec4 v0x561f98c24750_0, 0, 1;
    %delay 10000, 0;
    %pushi/vec4 0, 0, 1;
    %store/vec4 v0x561f98c24750_0, 0, 1;
    %pushi/vec4 0, 0, 1;
    %store/vec4 v0x561f98c24580_0, 0, 1;
    %delay 10000, 0;
    %pushi/vec4 0, 0, 1;
    %store/vec4 v0x561f98c24580_0, 0, 1;
    %delay 10000, 0;
    %pushi/vec4 1, 0, 1;
    %store/vec4 v0x561f98c24580_0, 0, 1;
    %delay 10000, 0;
    %pushi/vec4 1, 0, 1;
    %store/vec4 v0x561f98c24580_0, 0, 1;
    %delay 10000, 0;
    %pushi/vec4 0, 0, 1;
    %store/vec4 v0x561f98c24580_0, 0, 1;
    %delay 10000, 0;
    %pushi/vec4 1, 0, 1;
    %store/vec4 v0x561f98c24750_0, 0, 1;
    %delay 10000, 0;
    %pushi/vec4 0, 0, 1;
    %store/vec4 v0x561f98c24750_0, 0, 1;
    %pushi/vec4 1, 0, 1;
    %store/vec4 v0x561f98c24580_0, 0, 1;
    %delay 10000, 0;
    %pushi/vec4 0, 0, 1;
    %store/vec4 v0x561f98c24580_0, 0, 1;
    %delay 10000, 0;
    %pushi/vec4 1, 0, 1;
    %store/vec4 v0x561f98c24580_0, 0, 1;
    %end;
    .thread T_1;
    .scope S_0x561f98c03d00;
T_2 ;
    %delay 5000, 0;
    %load/vec4 v0x561f98c244c0_0;
    %inv;
    %store/vec4 v0x561f98c244c0_0, 0, 1;
    %jmp T_2;
    .thread T_2;
# The file index is used to find the file name in the following table.
:file_names 3;
    "N/A";
    "<interactive>";
    "IMT2019514_fsm_tb1.v";
