#! /usr/bin/vvp
:ivl_version "10.1 (stable)";
:ivl_delay_selection "TYPICAL";
:vpi_time_precision - 12;
:vpi_module "system";
:vpi_module "vhdl_sys";
:vpi_module "v2005_math";
:vpi_module "va_math";
S_0x55f6106e0560 .scope module, "tb_mux4" "tb_mux4" 2 3;
 .timescale -9 -12;
v0x55f610700fd0_0 .var "data0", 0 0;
v0x55f610701090_0 .var "data1", 0 0;
v0x55f610701160_0 .var "data2", 0 0;
v0x55f610701260_0 .var "data3", 0 0;
v0x55f610701330_0 .net "out", 0 0, v0x55f610700cb0_0;  1 drivers
v0x55f6107013d0_0 .var "sel0", 0 0;
v0x55f6107014a0_0 .var "sel1", 0 0;
S_0x55f6106e06e0 .scope module, "uut" "mux4" 2 12, 3 17 0, S_0x55f6106e0560;
 .timescale -9 -12;
    .port_info 0 /INPUT 1 "data0"
    .port_info 1 /INPUT 1 "data1"
    .port_info 2 /INPUT 1 "data2"
    .port_info 3 /INPUT 1 "data3"
    .port_info 4 /INPUT 1 "sel0"
    .port_info 5 /INPUT 1 "sel1"
    .port_info 6 /OUTPUT 1 "out"
v0x55f6106e0960_0 .net "data0", 0 0, v0x55f610700fd0_0;  1 drivers
v0x55f6107008c0_0 .net "data1", 0 0, v0x55f610701090_0;  1 drivers
v0x55f610700980_0 .net "data2", 0 0, v0x55f610701160_0;  1 drivers
v0x55f610700a20_0 .net "data3", 0 0, v0x55f610701260_0;  1 drivers
v0x55f610700ae0_0 .var "mid1", 0 0;
v0x55f610700bf0_0 .var "mid2", 0 0;
v0x55f610700cb0_0 .var "out", 0 0;
v0x55f610700d70_0 .net "sel0", 0 0, v0x55f6107013d0_0;  1 drivers
v0x55f610700e30_0 .net "sel1", 0 0, v0x55f6107014a0_0;  1 drivers
E_0x55f6106d9e90/0 .event edge, v0x55f610700e30_0, v0x55f610700d70_0, v0x55f610700a20_0, v0x55f610700980_0;
E_0x55f6106d9e90/1 .event edge, v0x55f6107008c0_0, v0x55f6106e0960_0;
E_0x55f6106d9e90 .event/or E_0x55f6106d9e90/0, E_0x55f6106d9e90/1;
    .scope S_0x55f6106e06e0;
T_0 ;
    %wait E_0x55f6106d9e90;
    %load/vec4 v0x55f610700e30_0;
    %pad/u 32;
    %cmpi/e 1, 0, 32;
    %jmp/0xz  T_0.0, 4;
    %load/vec4 v0x55f6107008c0_0;
    %store/vec4 v0x55f610700ae0_0, 0, 1;
    %load/vec4 v0x55f610700a20_0;
    %store/vec4 v0x55f610700bf0_0, 0, 1;
    %jmp T_0.1;
T_0.0 ;
    %load/vec4 v0x55f6106e0960_0;
    %store/vec4 v0x55f610700ae0_0, 0, 1;
    %load/vec4 v0x55f610700980_0;
    %store/vec4 v0x55f610700bf0_0, 0, 1;
T_0.1 ;
    %load/vec4 v0x55f610700d70_0;
    %pad/u 32;
    %cmpi/e 0, 0, 32;
    %jmp/0xz  T_0.2, 4;
    %load/vec4 v0x55f610700ae0_0;
    %store/vec4 v0x55f610700cb0_0, 0, 1;
    %jmp T_0.3;
T_0.2 ;
    %load/vec4 v0x55f610700bf0_0;
    %store/vec4 v0x55f610700cb0_0, 0, 1;
T_0.3 ;
    %jmp T_0;
    .thread T_0, $push;
    .scope S_0x55f6106e0560;
T_1 ;
    %vpi_call 2 25 "$dumpfile", "mux_out.vcd" {0 0 0};
    %vpi_call 2 26 "$dumpvars", 32'sb00000000000000000000000000000000, S_0x55f6106e0560 {0 0 0};
    %pushi/vec4 0, 0, 1;
    %store/vec4 v0x55f610700fd0_0, 0, 1;
    %pushi/vec4 1, 0, 1;
    %store/vec4 v0x55f610701090_0, 0, 1;
    %pushi/vec4 0, 0, 1;
    %store/vec4 v0x55f610701160_0, 0, 1;
    %pushi/vec4 1, 0, 1;
    %store/vec4 v0x55f610701260_0, 0, 1;
    %pushi/vec4 0, 0, 1;
    %store/vec4 v0x55f6107013d0_0, 0, 1;
    %pushi/vec4 1, 0, 1;
    %store/vec4 v0x55f6107014a0_0, 0, 1;
    %delay 100000, 0;
    %pushi/vec4 0, 0, 1;
    %store/vec4 v0x55f610700fd0_0, 0, 1;
    %pushi/vec4 0, 0, 1;
    %store/vec4 v0x55f610701090_0, 0, 1;
    %pushi/vec4 1, 0, 1;
    %store/vec4 v0x55f610701160_0, 0, 1;
    %pushi/vec4 0, 0, 1;
    %store/vec4 v0x55f610701260_0, 0, 1;
    %pushi/vec4 1, 0, 1;
    %store/vec4 v0x55f6107013d0_0, 0, 1;
    %pushi/vec4 0, 0, 1;
    %store/vec4 v0x55f6107014a0_0, 0, 1;
    %delay 10000, 0;
    %pushi/vec4 1, 0, 1;
    %store/vec4 v0x55f610700fd0_0, 0, 1;
    %pushi/vec4 0, 0, 1;
    %store/vec4 v0x55f610701090_0, 0, 1;
    %pushi/vec4 0, 0, 1;
    %store/vec4 v0x55f610701160_0, 0, 1;
    %pushi/vec4 1, 0, 1;
    %store/vec4 v0x55f610701260_0, 0, 1;
    %pushi/vec4 1, 0, 1;
    %store/vec4 v0x55f6107013d0_0, 0, 1;
    %pushi/vec4 0, 0, 1;
    %store/vec4 v0x55f6107014a0_0, 0, 1;
    %delay 10000, 0;
    %end;
    .thread T_1;
# The file index is used to find the file name in the following table.
:file_names 4;
    "N/A";
    "<interactive>";
    "4:1muxtb.v";
    "4:1mux.v";
